<?xml version="1.0" encoding="UTF-8"?>
<!-- Generated by org.testng.reporters.JUnitReportReporter -->
<testsuite skipped="4" hostname="Abrahams-MacBook-Air.local" name="MainTestCases.LunchingApplication" tests="5" failures="0" timestamp="24 May 2019 23:58:32 GMT" time="2.727" errors="0">
  <testcase name="OpenAccount" time="2.727" classname="MainTestCases.LunchingApplication"/>
  <testcase name="GettheTitle" classname="MainTestCases.LunchingApplication">
    <skipped/>
  </testcase> <!-- GettheTitle -->
  <testcase name="loginAsmanager" classname="MainTestCases.LunchingApplication">
    <skipped/>
  </testcase> <!-- loginAsmanager -->
  <testcase name="clciktoButton" classname="MainTestCases.LunchingApplication">
    <skipped/>
  </testcase> <!-- clciktoButton -->
  <testcase name="SelectName" classname="MainTestCases.LunchingApplication">
    <skipped/>
  </testcase> <!-- SelectName -->
</testsuite> <!-- MainTestCases.LunchingApplication -->
